[13:25:30][liftinstall][INFO] yuzu installer
[13:25:30][liftinstall][INFO] Starting fresh install
[13:25:30][liftinstall::frontend::rest::server][INFO] Spawning server instance @ V6([::1]:59225)
[13:25:30][liftinstall::frontend::rest::server][INFO] Spawning server instance @ V4(127.0.0.1:59225)
[13:25:30][liftinstall::frontend::ui][INFO] Spawning web view instance
[13:25:32][liftinstall::frontend::js][INFO] Making HTTP request to /api/dark-mode
[13:25:32][liftinstall::frontend::js][INFO] Making HTTP request to /api/installation-status
[13:25:32][liftinstall::frontend::js][INFO] Vue started
[13:25:32][liftinstall::frontend::js][INFO] Making HTTP request to /api/config
[13:25:32][liftinstall::frontend::rest::services::config][INFO] Downloading configuration from "https://raw.githubusercontent.com/yuzu-emu/liftinstall/master/config.windows.v10.toml"...
[13:25:32][liftinstall::frontend::rest::services::config][INFO] Configuration file downloaded successfully.
[13:25:32][liftinstall::frontend::js][INFO] Making HTTP request to /api/check-auth
[13:25:32][liftinstall::frontend::rest::services::authentication][INFO] No passed in credential and no stored credentials to validate
[13:25:32][liftinstall::frontend::js][INFO] Making HTTP request to /api/default-path
[13:25:32][liftinstall::frontend::js][INFO] Next stop: "/packages"
[13:25:43][liftinstall::frontend::js][INFO] Installer kind: regular
[13:25:43][liftinstall::frontend::js][INFO] Installing desktop shortcut: true
[13:25:43][liftinstall::frontend::js][INFO] Making streaming HTTP request to /api/start-install
[13:25:43][liftinstall::frontend::rest::services::install][INFO] Found installDesktopShortcut "true"
[13:25:43][liftinstall::installer][INFO] Framework: Installing ["yuzu"] to "C:\\Users\\triti\\AppData\\Local\\yuzu"
[13:25:43][liftinstall::installer][INFO] Dependency tree:
InstallTask
├── Pre EnsureOnlyInstanceTask
├── Pre VerifyInstallDirTask (with clean-install = true)
├── Pre InstallPackageTask (for "yuzu")
│   ├── Pre DownloadPackageTask (for "yuzu")
│   │   └── Pre CheckAuthorizationTask (for "yuzu")
│   │       └── Pre ResolvePackageTask (for "yuzu")
│   ├── Pre UninstallPackageTask (for "yuzu", optional = true)
│   │   ├── Pre UninstallShortcutsTask (for "yuzu", optional = true)
│   │   └── Post SaveDatabaseTask
│   ├── Post InstallShortcutsTask (for "yuzu")
│   ├── Post InstallDesktopShortcutTask (for "yuzu", should_run = true)
│   └── Post SaveDatabaseTask
├── Pre SaveExecutableTask
├── Pre InstallGlobalShortcutsTask
│   └── Post SaveDatabaseTask
└── Post LaunchOnExitTask
[13:25:43][liftinstall::tasks::resolver][INFO] Selected file: File { name: "yuzu-windows-msvc-20200615-903786e35.tar.xz", url: "https://github.com/yuzu-emu/yuzu-mainline/releases/download/mainline-0-283/yuzu-windows-msvc-20200615-903786e35.tar.xz", requires_authorization: false }
[13:25:51][liftinstall::tasks::install_pkg][INFO] Creating dir: "yuzu-windows-msvc"
[13:25:51][liftinstall::tasks::install_pkg][INFO] Creating file: "yuzu-windows-msvc/icudtl.dat"
[13:25:51][liftinstall::tasks::install_pkg][INFO] Creating file: "yuzu-windows-msvc/libgcc_s_seh-1.dll"
[13:25:51][liftinstall::tasks::install_pkg][INFO] Creating file: "yuzu-windows-msvc/libwinpthread-1.dll"
[13:25:51][liftinstall::tasks::install_pkg][INFO] Creating dir: "yuzu-windows-msvc/plugins/imageformats"
[13:25:51][liftinstall::tasks::install_pkg][INFO] Creating dir: "yuzu-windows-msvc/plugins"
[13:25:51][liftinstall::tasks::install_pkg][INFO] Creating file: "yuzu-windows-msvc/plugins/imageformats/qgif.dll"
[13:25:51][liftinstall::tasks::install_pkg][INFO] Creating file: "yuzu-windows-msvc/plugins/imageformats/qjpeg.dll"
[13:25:51][liftinstall::tasks::install_pkg][INFO] Creating dir: "yuzu-windows-msvc/plugins/platforms"
[13:25:51][liftinstall::tasks::install_pkg][INFO] Creating file: "yuzu-windows-msvc/plugins/platforms/qwindows.dll"
[13:25:51][liftinstall::tasks::install_pkg][INFO] Creating dir: "yuzu-windows-msvc/plugins/styles"
[13:25:51][liftinstall::tasks::install_pkg][INFO] Creating file: "yuzu-windows-msvc/plugins/styles/qwindowsvistastyle.dll"
[13:25:51][liftinstall::tasks::install_pkg][INFO] Creating file: "yuzu-windows-msvc/qt.conf"
[13:25:51][liftinstall::tasks::install_pkg][INFO] Creating file: "yuzu-windows-msvc/Qt5Core.dll"
[13:25:51][liftinstall::tasks::install_pkg][INFO] Creating file: "yuzu-windows-msvc/Qt5Gui.dll"
[13:25:51][liftinstall::tasks::install_pkg][INFO] Creating file: "yuzu-windows-msvc/Qt5Network.dll"
[13:25:51][liftinstall::tasks::install_pkg][INFO] Creating file: "yuzu-windows-msvc/Qt5OpenGL.dll"
[13:25:51][liftinstall::tasks::install_pkg][INFO] Creating file: "yuzu-windows-msvc/Qt5Positioning.dll"
[13:25:51][liftinstall::tasks::install_pkg][INFO] Creating file: "yuzu-windows-msvc/Qt5PrintSupport.dll"
[13:25:51][liftinstall::tasks::install_pkg][INFO] Creating file: "yuzu-windows-msvc/Qt5Qml.dll"
[13:25:51][liftinstall::tasks::install_pkg][INFO] Creating file: "yuzu-windows-msvc/Qt5Quick.dll"
[13:25:51][liftinstall::tasks::install_pkg][INFO] Creating file: "yuzu-windows-msvc/Qt5QuickWidgets.dll"
[13:25:51][liftinstall::tasks::install_pkg][INFO] Creating file: "yuzu-windows-msvc/Qt5WebChannel.dll"
[13:25:51][liftinstall::tasks::install_pkg][INFO] Creating file: "yuzu-windows-msvc/Qt5WebEngine.dll"
[13:25:51][liftinstall::tasks::install_pkg][INFO] Creating file: "yuzu-windows-msvc/Qt5WebEngineCore.dll"
[13:25:51][liftinstall::tasks::install_pkg][INFO] Creating file: "yuzu-windows-msvc/Qt5WebEngineWidgets.dll"
[13:25:51][liftinstall::tasks::install_pkg][INFO] Creating file: "yuzu-windows-msvc/Qt5Widgets.dll"
[13:25:51][liftinstall::tasks::install_pkg][INFO] Creating file: "yuzu-windows-msvc/QtWebEngineProcess.exe"
[13:25:51][liftinstall::tasks::install_pkg][INFO] Creating file: "yuzu-windows-msvc/qtwebengine_devtools_resources.pak"
[13:25:51][liftinstall::tasks::install_pkg][INFO] Creating file: "yuzu-windows-msvc/qtwebengine_resources.pak"
[13:25:51][liftinstall::tasks::install_pkg][INFO] Creating file: "yuzu-windows-msvc/qtwebengine_resources_100p.pak"
[13:25:51][liftinstall::tasks::install_pkg][INFO] Creating file: "yuzu-windows-msvc/qtwebengine_resources_200p.pak"
[13:25:51][liftinstall::tasks::install_pkg][INFO] Creating file: "yuzu-windows-msvc/unicorn.dll"
[13:25:51][liftinstall::tasks::install_pkg][INFO] Creating file: "yuzu-windows-msvc/yuzu-cmd.exe"
[13:25:51][liftinstall::tasks::install_pkg][INFO] Creating file: "yuzu-windows-msvc/yuzu-tester.exe"
[13:25:51][liftinstall::tasks::install_pkg][INFO] Creating file: "yuzu-windows-msvc/yuzu-windows-msvc-source-20200615-903786e35.tar.xz"
[13:25:51][liftinstall::tasks::install_pkg][INFO] Creating file: "yuzu-windows-msvc/yuzu.exe"
[13:25:51][liftinstall::native::natives][INFO] Generating shortcut @ "C:\\Users\\triti\\AppData\\Roaming\\Microsoft\\Windows\\Start Menu\\Programs\\yuzu.lnk"
[13:25:51][liftinstall::native::natives][INFO] Generating shortcut @ "C:\\Users\\triti\\OneDrive\\Bureau\\yuzu.lnk"
[13:25:51][liftinstall::native::natives][INFO] Generating shortcut @ "C:\\Users\\triti\\AppData\\Roaming\\Microsoft\\Windows\\Start Menu\\Programs\\yuzu Maintenance Tool.lnk"
[13:26:06][liftinstall::frontend::js][INFO] Making HTTP request to /api/exit
[13:26:06][liftinstall::installer][INFO] Shutting down installer framework...
[13:26:06][liftinstall::installer][INFO] Launching "C:\\Users\\triti\\AppData\\Local\\yuzu\\yuzu-windows-msvc/yuzu.exe"
[13:26:07][liftinstall::frontend::js][INFO] Making HTTP request to /api/exit
